160
4 286 196 441 252 
4 369 190 97 423 
4 93 28 420 35 
4 333 197 165 12 
4 47 482 326 300 
4 33 306 14 330 
4 256 1 421 279 
4 21 454 315 299 
4 322 17 334 189 
4 212 86 352 154 
4 492 7 414 358 
4 182 141 319 120 
4 495 337 170 301 
4 72 213 11 410 
4 158 64 484 156 
4 266 462 443 73 
4 329 350 371 221 
4 166 463 434 38 
4 108 0 113 486 
4 298 52 111 452 
4 451 264 48 448 
4 475 210 261 234 
4 376 310 155 499 
4 498 236 439 356 
4 60 199 181 433 
4 231 34 430 387 
4 311 385 277 249 
4 147 193 419 473 
4 273 208 271 15 
4 5 20 187 409 
4 175 292 240 405 
4 367 19 219 455 
4 288 324 61 258 
4 360 445 396 320 
4 497 105 384 71 
4 18 192 242 55 
4 302 188 375 149 
4 6 294 235 13 
4 123 474 472 230 
4 364 180 362 467 
4 99 121 283 177 
4 225 459 353 351 
4 10 348 278 449 
4 447 276 444 442 
4 345 438 437 65 
4 139 117 431 429 
4 218 427 3 268 
4 424 422 24 336 
4 23 263 214 412 
4 328 91 407 90 
4 163 403 162 89 
4 400 399 8 397 
4 203 394 159 392 
4 391 201 31 388 
4 152 494 289 151 
4 490 285 284 282 
4 16 280 148 274 
4 50 29 269 267 
4 144 46 81 468 
4 259 80 138 461 
3 460 254 79 
3 251 453 450 
3 446 136 78 
3 247 432 45 
3 245 425 244 
3 76 132 44 
3 27 411 237 
3 233 129 128 
3 401 70 395 
3 69 390 226 
3 26 124 41 
3 119 217 379 
3 378 377 66 
3 373 372 116 
3 115 114 365 
3 363 361 359 
3 207 112 40 
3 204 347 109 
3 200 198 195 
3 341 107 339 
3 106 186 332 
3 185 104 325 
3 25 59 101 
3 100 174 22 
3 172 36 95 
3 56 307 92 
3 304 164 54 
3 160 295 32 
3 153 496 493 
3 491 489 488 
3 487 485 483 
3 481 480 479 
3 478 477 476 
3 471 470 469 
3 466 465 464 
3 458 457 456 
3 440 436 435 
3 428 426 418 
3 417 416 415 
3 413 408 406 
3 404 402 398 
3 393 389 386 
3 383 382 381 
3 380 374 370 
3 368 366 357 
3 355 354 349 
3 346 344 343 
3 342 340 338 
3 335 331 327 
3 323 321 318 
3 317 316 314 
3 313 312 309 
3 308 305 303 
3 297 296 293 
3 291 290 287 
3 281 275 272 
3 270 265 262 
3 260 257 255 
3 253 250 248 
3 246 243 241 
2 239 238 
2 232 229 
2 228 227 
2 224 223 
2 222 220 
2 216 215 
2 211 209 
2 206 205 
2 202 194 
2 191 184 
2 183 179 
2 178 176 
2 173 171 
2 169 168 
2 167 161 
2 157 150 
2 146 145 
2 143 142 
2 140 137 
2 135 134 
2 133 131 
2 130 127 
2 126 125 
2 122 118 
2 110 103 
2 102 98 
2 96 94 
2 88 87 
2 85 84 
2 83 82 
2 77 75 
2 74 68 
2 67 63 
2 62 58 
2 57 53 
2 51 49 
2 43 42 
2 39 37 
2 30 9 
2 4 2 
