1628
4 5357 5121 8148 6404 
4 421 2589 5913 6255 
4 5583 9906 8785 3629 
4 6584 7710 1737 3987 
4 7529 5231 4386 2094 
4 5796 9487 6735 8197 
4 1756 8754 2584 998 
4 2395 6655 2861 6312 
4 59 7923 7569 7704 
4 5515 9612 6632 7444 
4 8873 7262 8452 2489 
4 7796 5905 398 8407 
4 1729 820 6459 604 
4 9004 1248 7549 7064 
4 4848 5886 8603 8733 
4 8189 9529 8437 9354 
4 6839 9213 1524 4449 
4 4318 5744 4574 9483 
4 4100 6823 4233 3904 
4 7108 8479 3626 5416 
4 9620 1287 2545 6476 
4 9383 4004 3697 1396 
4 9131 5427 4041 2061 
4 370 973 847 3015 
4 9247 2155 4644 4863 
4 7792 6668 3135 4631 
4 2222 1492 9618 7168 
4 2752 5363 2687 2843 
4 5570 44 453 2117 
4 8284 1561 7100 8775 
4 461 3505 9765 3295 
4 4036 1423 8287 2932 
4 8004 6640 8854 1385 
4 3273 5616 8591 3715 
4 2345 5918 2096 6639 
4 9813 3420 674 1556 
4 5090 7936 4695 2331 
4 5251 666 2935 2598 
4 6762 3825 9959 1677 
4 4147 1114 1081 6756 
4 5001 5592 8689 8384 
4 8119 1388 7525 6196 
4 9818 864 5989 4106 
4 948 6613 683 3942 
4 9888 5526 8911 8320 
4 4473 4194 5083 5211 
4 9128 3149 5052 7369 
4 8585 2819 2459 936 
4 7515 8777 2968 4670 
4 7819 132 3484 7577 
4 2246 962 7863 8240 
4 876 8814 7939 2723 
4 7368 8837 752 9256 
4 8991 3457 8392 110 
4 7208 3176 7290 7950 
4 7101 2196 371 2728 
4 684 8636 281 2212 
4 8641 9267 4808 5791 
4 63 2499 6240 5602 
4 9614 7259 714 3656 
4 2475 4090 2064 1101 
4 9019 4916 9894 5651 
4 3678 7834 1013 839 
4 1491 5048 3024 7945 
4 3765 2548 6170 7198 
4 4961 4405 1004 1115 
4 1071 5945 9965 7937 
4 4685 1233 2124 3302 
4 4579 3272 3795 8152 
4 9986 5042 6677 2141 
4 9295 7104 3647 384 
4 2008 2070 1734 7927 
4 6782 5101 4702 7135 
4 854 5773 6495 4430 
4 2115 8058 1707 1164 
4 1214 336 2080 7540 
4 7201 4957 5046 8639 
4 4788 2558 2922 7409 
4 443 4917 5214 7896 
4 8063 1341 5653 7825 
4 3499 7961 976 6702 
4 49 7202 4964 6381 
4 9307 1830 4886 1146 
4 3463 4509 7313 9568 
4 6176 818 4983 82 
4 5295 3792 6107 8612 
4 3047 7757 7595 5772 
4 3607 4135 4874 5982 
4 3940 3096 2727 2274 
4 2228 5713 9305 8338 
4 6252 2964 3896 636 
4 1353 3566 3228 8485 
4 8608 4322 1210 7136 
4 3309 5310 7305 887 
4 1851 3293 6168 4240 
4 7543 4925 7516 6550 
4 9433 4406 8322 71 
4 1988 8745 1203 9129 
4 6935 7551 9866 4940 
4 1671 1955 5625 7145 
4 9795 4185 1812 7 
4 9527 8116 5383 4141 
4 3437 4131 47 5219 
4 7579 2456 1322 3114 
4 1450 7326 594 8465 
4 8851 9552 4167 4235 
4 7359 2259 4637 3042 
4 3142 9 1713 766 
4 7231 1094 5006 1742 
4 5652 4655 7583 1934 
4 3686 9690 9539 2686 
4 532 5873 5494 2962 
4 4561 9525 4074 7715 
4 4657 9263 8803 3844 
4 3072 727 2481 8553 
4 723 1050 4847 7083 
4 1895 6129 6957 4475 
4 4112 4102 9235 8387 
4 8250 7447 2759 3357 
4 9917 9532 2982 62 
4 7088 4374 2736 2293 
4 7196 8736 3519 1946 
4 8332 3196 954 7648 
4 7308 8375 7032 213 
4 9946 8010 4320 9196 
4 859 1591 6547 2045 
4 9063 5163 6882 1418 
4 4076 5777 1724 2726 
4 6611 8193 2060 7725 
4 3337 8767 5904 4619 
4 2342 850 2652 6178 
4 3689 9106 1568 4402 
4 992 2340 5172 9119 
4 8644 2544 3155 4995 
4 4638 9966 4490 4912 
4 1433 3170 3672 6558 
4 2642 9747 1621 2749 
4 586 3648 2085 3775 
4 120 9344 3757 201 
4 9576 5729 8626 6534 
4 8601 3542 7494 7451 
4 6913 5686 7851 3781 
4 6038 7643 4139 3257 
4 2828 8478 6571 4550 
4 774 8397 5931 8138 
4 7148 6567 7814 3889 
4 2628 7545 5156 7464 
4 1763 8186 9542 403 
4 2323 3593 328 4244 
4 2862 676 9302 4150 
4 6134 2870 3376 2795 
4 7862 6537 3475 3112 
4 4058 9151 18 8997 
4 2300 9275 9713 2308 
4 58 9559 4959 6927 
4 8187 7079 8865 6467 
4 4390 2036 2814 5081 
4 1383 2213 8233 9900 
4 8242 4044 8267 7316 
4 5366 3451 8115 3708 
4 3869 3840 4480 8259 
4 9528 5609 8506 7166 
4 6171 7445 6147 1711 
4 7703 5845 8616 778 
4 8849 7673 2123 446 
4 3842 9320 1160 9873 
4 2305 8079 9243 1839 
4 1049 11 1936 2160 
4 2267 3526 8094 3583 
4 5540 245 5096 2243 
4 3126 4837 654 8430 
4 1136 2313 8101 6359 
4 2023 6050 9605 6123 
4 1552 333 8167 9514 
4 1509 5359 7267 3913 
4 7944 4284 2985 5324 
4 3950 5136 7726 9921 
4 8509 5854 8286 7385 
4 8036 2944 7953 687 
4 4551 9374 6300 6580 
4 4902 2282 6777 373 
4 7008 2920 5209 9784 
4 6842 3745 7522 1767 
4 3106 4498 706 8367 
4 2535 7466 3899 1845 
4 3618 9289 3632 1231 
4 6481 3253 1427 2817 
4 65 7922 9340 2674 
4 9856 2203 8348 5665 
4 6060 6985 4690 6989 
4 7026 5600 177 2718 
4 9722 9283 8701 9942 
4 7700 463 9732 3002 
4 593 5622 2994 8026 
4 7756 8346 4151 3083 
4 7920 5919 8563 1359 
4 9111 4965 1096 2941 
4 6638 780 2572 8047 
4 6582 1996 7050 8721 
4 8697 9691 4516 8834 
4 6313 9649 1817 3229 
4 1357 7212 9252 8253 
4 2619 6329 1085 2364 
4 9778 745 5962 1336 
4 1372 9366 7209 3485 
4 4951 522 4137 2571 
4 9443 6363 2802 9779 
4 4582 8839 6316 3356 
4 2009 103 717 709 
4 4352 4351 1861 8477 
4 565 9751 2112 251 
4 6602 6477 67 6426 
4 2647 3368 8811 5909 
4 2351 5891 8199 9123 
4 2905 7119 9365 3443 
4 9154 6994 7629 645 
4 3089 9124 1340 6 
4 4259 5793 257 2536 
4 1976 8614 171 7981 
4 5492 7671 8751 214 
4 332 9325 3379 1510 
4 7330 9585 1202 4884 
4 6415 2095 1787 1701 
4 4134 9629 9546 4477 
4 3496 2162 7911 9806 
4 4293 1344 4357 8947 
4 7489 3214 5239 5593 
4 3062 60 3308 1820 
4 8200 9968 9363 8501 
4 6666 5544 8163 4557 
4 1001 8923 2957 4867 
4 188 8835 8529 9974 
4 6914 877 9511 750 
4 1717 5149 5330 9930 
4 5236 1740 8003 5733 
4 8779 5244 4222 5518 
4 6956 7934 1975 5332 
4 4711 1505 6297 7391 
4 6342 5991 7057 1351 
4 9545 8651 321 1564 
4 8658 7613 2776 4727 
4 4977 1800 3730 1364 
4 296 9166 2575 1883 
4 7677 924 7439 8431 
4 4696 3750 8040 6188 
4 7415 4331 1965 3120 
4 2245 5529 5970 4572 
4 1249 5758 7153 7344 
4 9962 8990 8915 1522 
4 1747 7647 791 9419 
4 7210 9426 8449 4161 
4 4717 5808 5131 3579 
4 4415 9550 5028 8168 
4 7699 2509 3473 5835 
4 6738 5488 7972 1743 
4 8056 5683 8579 3655 
4 1061 767 7824 8418 
4 2573 6042 2265 96 
4 5728 9271 9397 9341 
4 6616 5074 1714 2043 
4 6419 902 9569 8866 
4 6273 6627 55 3087 
4 301 7250 1673 3845 
4 1523 264 8607 6144 
4 5720 631 2952 1200 
4 3830 8470 8548 797 
4 6742 7524 1636 1889 
4 385 773 3834 9566 
4 1178 197 4870 3223 
4 8625 9626 9853 6309 
4 3167 5553 2089 1508 
4 9572 6226 2809 3306 
4 8487 8702 9797 6410 
4 5155 3137 4960 6377 
4 3978 9048 4367 8659 
4 6336 2055 8132 407 
4 7436 1476 5375 7155 
4 4600 9250 6192 1810 
4 7567 7748 5864 3905 
4 8183 730 3673 4649 
4 2612 5610 3557 1948 
4 2486 4079 8671 278 
4 3870 1998 1228 3791 
4 9718 6384 3271 4524 
4 9952 6769 9689 4861 
4 6058 4043 4200 875 
4 9746 283 6198 9843 
4 6747 6028 8707 2353 
4 3001 8940 9265 5308 
4 1912 1429 7253 3944 
4 3857 5476 9871 3 
4 6662 6010 9078 85 
4 8172 5170 1483 2912 
4 7302 3367 432 2000 
4 8677 9507 7412 1140 
4 8297 3997 7443 8204 
4 4527 836 1853 1040 
4 6578 3278 7880 4179 
4 9755 4532 8453 915 
4 263 884 4706 7118 
4 1587 5203 7095 1720 
4 3028 6981 5207 8442 
4 6483 6146 7103 4607 
4 2927 6012 4469 8683 
4 995 7978 513 8670 
4 9695 6110 6320 7696 
4 3022 3885 5849 5803 
4 3728 6757 7618 7617 
4 1224 1821 634 8964 
4 2585 3508 7319 1378 
4 464 4617 4883 8929 
4 8722 2877 1253 7603 
4 1037 7296 4565 6370 
4 3518 4474 8932 1681 
4 3736 6444 8750 3037 
4 7861 5174 3561 1073 
4 1708 4307 5197 3877 
4 9908 6498 9464 4786 
4 1684 7759 5785 1117 
4 8895 3362 3248 4871 
4 1923 8692 2939 1526 
4 1542 9359 3375 2937 
4 2627 8524 1484 5902 
4 137 1152 559 4038 
4 1116 7536 9599 1154 
4 4439 3892 7870 520 
4 4361 1571 8328 2488 
4 8874 9880 4292 5278 
4 6296 4521 6367 3511 
4 8956 5462 5823 3853 
4 7823 4975 7678 2798 
4 2592 8466 9197 8637 
4 3055 3544 916 7178 
4 1833 5341 9849 9769 
4 1261 6231 3107 5547 
4 7041 6656 5839 970 
4 1712 6577 5705 9425 
4 56 7463 174 6965 
4 6220 9961 5941 4668 
4 17 9907 6605 2600 
4 2566 4946 172 8527 
4 1361 6938 2185 1726 
4 5378 5998 7255 9984 
4 5441 6389 5503 7215 
4 846 2368 5548 7130 
4 529 7238 760 4604 
4 7363 9350 145 10 
4 8516 5250 3050 9014 
4 6715 3769 2106 3516 
4 3746 297 1234 6856 
4 8931 3969 738 4731 
4 4663 1765 7740 688 
4 9092 451 5446 5563 
4 8363 844 5151 1430 
4 1570 5271 923 6752 
4 525 8714 2716 9168 
4 208 5649 3134 6583 
4 1601 1122 6526 9895 
4 556 7778 9597 1827 
4 6540 1197 7218 2766 
4 912 9741 1487 5325 
4 5118 2165 6205 6266 
4 7624 6364 5579 926 
4 4093 2407 3104 9121 
4 8239 139 164 9161 
4 7149 1963 3540 6133 
4 2007 7518 8833 9450 
4 7558 2649 3258 6396 
4 8673 9182 117 9214 
4 2221 8081 4491 2295 
4 4990 5017 1589 1648 
4 4230 5948 5013 5007 
4 8059 8161 2484 8044 
4 5627 9594 6451 7499 
4 3674 5574 5899 2804 
4 4627 9246 211 7839 
4 8650 8824 9390 6052 
4 7692 4126 480 6149 
4 7152 7346 5056 8293 
4 2309 628 8198 5875 
4 3691 2879 2848 9135 
4 642 1010 6680 2555 
4 87 8617 7983 7204 
4 2127 3276 7318 6102 
4 1015 9490 6721 1825 
4 8247 3029 9719 6623 
4 2836 2590 3932 3828 
4 8653 2811 7278 8609 
4 6157 7151 7752 2125 
4 6215 9588 6645 3608 
4 656 8305 5879 9580 
4 9471 597 9414 7954 
4 178 1735 6731 1847 
4 1876 900 289 1866 
4 3973 9776 4555 2872 
4 6036 8606 9286 3480 
4 6193 5513 1943 4650 
4 6256 206 3692 4859 
4 2516 1620 3677 3239 
4 5487 28 5824 7375 
4 1856 931 1159 4671 
4 2538 1464 8652 9852 
4 8134 9382 6350 4170 
4 9499 5815 1311 8578 
4 2226 6685 1393 6703 
4 1056 590 1819 6531 
4 3891 4522 2697 4573 
4 3527 9276 3808 1632 
4 5981 5061 6152 1129 
4 5559 4496 5058 834 
4 1205 6111 3132 7888 
4 8258 2999 3092 7764 
4 8434 4792 2732 4054 
4 1260 1994 6443 1877 
4 6206 8537 307 124 
4 151 8468 6741 6984 
4 1718 4933 7475 5094 
4 8684 9637 7875 9407 
4 3895 53 1874 9238 
4 7105 6053 8342 236 
4 7734 4997 2190 9799 
4 4725 7542 3573 142 
4 1562 2705 589 290 
4 1642 9241 6228 8967 
4 1888 9165 3980 7777 
4 4055 4857 9675 7512 
4 6306 4611 7413 9748 
4 2428 2091 4814 7610 
4 5418 9326 9730 5371 
4 9714 4442 1884 1704 
4 4865 7884 4661 6676 
4 6932 7219 8035 4774 
4 4091 8032 4636 4692 
4 7993 4592 9530 6628 
4 253 9761 7361 2490 
4 9864 6651 5710 3297 
4 9602 8907 4875 2020 
4 6849 540 6155 2765 
4 4703 7406 2241 4989 
4 9376 7286 1445 5644 
4 7659 3558 362 5235 
4 1282 735 4716 6557 
4 5044 3924 5794 4381 
4 2854 1837 3912 648 
4 5517 4363 4066 4506 
4 3802 8176 7841 6827 
4 4926 1440 8123 3945 
4 5035 7090 7526 4187 
4 2565 7662 2254 2887 
4 9896 9523 3839 6326 
4 9976 3654 3531 6733 
4 9016 6365 7003 4656 
4 4904 7594 898 5020 
4 4771 1023 8423 2461 
4 2400 1595 5671 3553 
4 7074 534 6794 4089 
4 2806 6976 7382 7733 
4 3498 9650 9922 4064 
4 1598 6380 6366 5916 
4 3567 4410 8241 3422 
4 2081 5530 6673 7037 
4 4773 2006 1339 8333 
4 2457 358 1406 1467 
4 5474 4559 5389 6289 
4 9220 7432 1723 9453 
4 7683 1533 7356 8597 
4 5355 1332 5205 6436 
4 4412 7374 9368 2320 
4 6988 147 2375 2783 
4 960 5336 4879 9456 
4 404 210 6076 9988 
4 3906 8432 1471 7914 
4 5898 9848 8861 3760 
4 6800 6361 1584 33 
4 1422 622 4495 6857 
4 2907 689 489 8019 
4 4375 6778 8889 3323 
4 5457 1609 909 3718 
4 5489 9879 7821 8715 
4 5178 6490 146 9468 
4 4478 6514 8938 8376 
4 4720 5086 2462 8648 
4 6528 5551 7419 2389 
4 2381 4766 4011 3145 
4 7768 7943 8153 5633 
4 7785 9043 7426 7534 
4 4639 3704 7818 4452 
4 8043 2398 6784 8898 
4 7230 9561 7530 9361 
4 8894 3582 3244 1021 
4 5869 9726 7310 9192 
4 2401 5856 2874 3617 
4 8150 737 9684 7249 
4 9072 396 3882 7175 
4 6016 8823 3914 9703 
4 2260 7592 3595 6340 
4 1529 8845 6208 5776 
4 3983 4057 3352 4953 
4 4026 3153 8954 6585 
4 5901 2129 6870 1512 
4 1930 3299 1922 9631 
4 150 7917 5467 8299 
4 3559 9971 6202 5865 
4 8425 198 7013 9122 
4 1952 635 39 9222 
4 5255 8679 9143 5461 
4 7990 5085 3371 5380 
4 3966 5920 8325 835 
4 8746 1090 3985 7116 
4 1886 2191 6834 9429 
4 5832 7770 4907 8712 
4 5522 6466 4823 7454 
4 3749 4202 4467 7966 
4 6649 7010 359 9062 
4 3075 947 8682 9221 
4 5556 9667 8238 5531 
4 7596 7956 3188 5724 
4 9802 9549 804 3339 
4 32 512 9606 1507 
4 4124 2134 711 3129 
4 9828 7689 1822 9183 
4 6724 9091 9734 4704 
4 5615 7480 3564 3136 
4 45 678 1761 5896 
4 8519 149 7221 7220 
4 9868 4887 6421 4640 
4 3811 7809 6700 2277 
4 4016 2924 3428 6184 
4 5908 1347 3011 1256 
4 4208 7876 2343 2707 
4 9173 7970 5756 6705 
4 3322 170 7186 6873 
4 8276 6243 7731 2148 
4 6574 2167 1100 300 
4 4465 313 5584 9096 
4 6446 6160 8196 5566 
4 5451 0 4514 3694 
4 6811 5047 2024 3991 
4 8263 1382 7964 3641 
4 8632 849 6264 6248 
4 8264 8562 611 6203 
4 9573 2278 2467 5939 
4 9459 3724 471 5164 
4 3020 3121 6637 2198 
4 2495 5277 8752 8908 
4 8517 1047 5166 7984 
4 4708 6903 9752 1908 
4 6681 6553 4335 6659 
4 2672 5954 9978 8027 
4 4949 1044 5657 2983 
4 9996 9891 6942 4659 
4 9583 7424 8133 6015 
4 9987 6726 1199 1157 
4 7386 7975 6522 1174 
4 6596 9299 3818 2875 
4 1179 9328 2367 5860 
4 4215 4992 9068 7425 
4 9210 8801 1569 3681 
4 5947 8711 5240 5040 
4 1181 6648 4340 541 
4 3127 7384 433 1593 
4 4511 3412 9633 5362 
4 3226 708 2337 3203 
4 5449 6112 6017 7727 
4 9038 1411 5721 1106 
4 5836 3517 7509 6022 
4 5173 7521 5763 9836 
4 4790 8143 562 2062 
4 8222 6719 4456 825 
4 2702 3031 6478 5813 
4 4286 8160 9721 1668 
4 4419 3894 7500 1840 
4 5536 1381 8210 6246 
4 3563 1616 514 2506 
4 4206 2296 204 6351 
4 8864 8863 8202 4052 
4 8413 2601 355 8696 
4 7555 2025 8828 5157 
4 5496 8667 9486 3105 
4 6713 8139 968 4958 
4 8810 7877 608 5730 
4 889 6492 8336 1768 
4 2120 4359 1400 1751 
4 2159 1535 2329 9995 
4 9920 4188 1012 5872 
3 5198 4092 8876 
3 1409 6864 7751 
3 4742 8006 3330 
3 8031 6280 9935 
3 465 3596 2437 
3 2954 6275 6051 
3 8977 70 8919 
3 2033 9269 4801 
3 234 3004 530 
3 9198 240 6263 
3 5368 3235 4943 
3 9418 3972 919 
3 7633 4228 6960 
3 3657 2578 1843 
3 955 3809 1321 
3 4858 431 6576 
3 9768 7924 7397 
3 430 1062 7729 
3 8215 4000 9716 
3 5082 7614 9187 
3 5606 3311 5751 
3 8454 456 2746 
3 1640 8089 270 
3 131 9600 3926 
3 9519 9028 2193 
3 2661 9767 4046 
3 2786 620 8137 
3 7995 1750 1330 
3 6698 97 9332 
3 9201 3939 2949 
3 6008 6097 500 
3 6964 372 978 
3 9699 2762 1939 
3 5208 9446 2604 
3 673 2632 8447 
3 2977 439 5191 
3 4301 136 7663 
3 6761 4796 1980 
3 1036 5986 9584 
3 8401 9538 6161 
3 7170 9656 9431 
3 4534 6890 3956 
3 6003 2072 9086 
3 1259 1744 7991 
3 885 8822 2514 
3 6844 2772 1475 
3 7407 1796 4942 
3 9944 2102 3590 
3 6835 2713 5482 
3 5245 4221 9398 
3 7457 2694 1519 
3 6565 4798 8180 
3 6824 3212 9413 
3 2074 6137 8383 
3 24 8568 6352 
3 4104 2399 3280 
3 3370 2595 956 
3 8252 1649 1318 
3 183 8326 8435 
3 1961 9083 5732 
3 4635 6809 6450 
3 6887 37 9075 
3 9855 7674 7800 
3 7895 8859 4502 
3 1279 3793 4238 
3 4777 6197 6121 
3 8037 6463 3060 
3 3344 86 7881 
3 4387 5666 2207 
3 5752 1694 6302 
3 1546 3822 9036 
3 4783 4839 7554 
3 7471 2891 457 
3 2953 5994 7586 
3 1983 2297 7461 
3 2881 602 3364 
3 756 8900 487 
3 6963 7724 5168 
3 4400 7812 7320 
3 6959 8815 4595 
3 7362 5897 1755 
3 7357 4358 1538 
3 9009 8314 3543 
3 7410 6972 458 
3 4248 7387 4596 
3 8093 2596 4399 
3 3052 4116 9035 
3 6311 2210 3951 
3 3141 2903 7206 
3 2144 9137 2608 
3 8766 9094 6915 
3 8930 2149 8353 
3 7094 5024 335 
3 4434 9047 6471 
3 3347 392 1371 
3 3875 2785 3021 
3 9215 4339 221 
3 4504 9578 2028 
3 9838 6506 462 
3 6332 1536 9114 
3 2956 9564 6353 
3 2610 801 2741 
3 8486 2837 1161 
3 4994 9659 2859 
3 4069 3651 7850 
3 7078 3789 6925 
3 6448 5066 1678 
3 6127 40 6818 
3 5628 7602 2892 
3 1688 7889 6232 
3 5233 5181 2469 
3 168 3887 6175 
3 9820 9709 31 
3 802 6148 2059 
3 4736 8663 725 
3 4877 1453 2412 
3 4982 502 1778 
3 8543 842 9993 
3 2307 2685 8438 
3 7694 1426 6328 
3 4097 7557 2683 
3 8028 739 7959 
3 9651 7859 7632 
3 840 5125 4291 
3 6229 1009 5106 
3 6944 8737 9394 
3 4688 8576 9678 
3 9223 9540 393 
3 639 615 4549 
3 3318 5817 8426 
3 6699 511 3012 
3 9015 78 5128 
3 1220 6725 2101 
3 4488 152 7960 
3 3841 343 644 
3 1959 402 8022 
3 325 2169 9595 
3 8804 4689 1043 
3 7395 7742 6473 
3 4567 5558 5719 
3 613 2950 5631 
3 9489 4787 1869 
3 229 5959 68 
3 8950 4099 5190 
3 8256 793 5422 
3 848 7971 5882 
3 7803 9227 8643 
3 4031 6034 2388 
3 7423 34 5676 
3 1165 1979 1807 
3 4855 6746 7697 
3 1377 7631 7314 
3 7532 3555 3743 
3 3679 4880 1080 
3 3123 2242 3903 
3 6952 726 4826 
3 7994 8097 953 
3 6315 9957 8903 
3 2472 252 1270 
3 5850 4969 7430 
3 305 5443 7132 
3 5731 6005 467 
3 413 6225 579 
3 3698 13 1167 
3 640 9892 4723 
3 20 9887 1892 
3 3515 5881 6452 
3 7581 1502 3509 
3 2137 2304 5212 
3 6922 3396 7176 
3 9274 2002 2669 
3 4298 477 76 
3 8571 4811 1590 
3 6357 153 2215 
3 5951 8398 2164 
3 9475 4047 7666 
3 8629 860 7496 
3 6189 4750 6046 
3 6095 6479 4173 
3 346 57 4451 
3 5950 7826 3621 
3 4078 6291 6563 
3 2929 740 6674 
3 9280 3665 4267 
3 5863 293 5829 
3 3581 7713 4679 
3 1586 5146 649 
3 4279 4922 2358 
3 395 2432 2232 
3 1369 3233 2898 
3 4246 8212 4245 
3 4554 414 193 
3 1549 7906 7036 
3 2527 5161 7951 
3 9337 2629 2019 
3 4155 9524 3246 
3 1953 3761 7252 
3 9830 2799 3146 
3 937 8986 6104 
3 6544 3449 1276 
3 949 8206 7565 
3 1416 4249 5346 
3 7804 6740 8456 
3 7024 83 4662 
3 5026 9065 8821 
3 6210 3902 9526 
3 4030 868 2824 
3 3504 3482 6244 
3 3161 4747 2531 
3 568 2634 3838 
3 9234 4314 9313 
3 5895 9157 2751 
3 1286 4311 3261 
3 554 1194 1084 
3 1504 7194 1650 
3 2533 1793 9543 
3 4537 16 5200 
3 8229 23 1516 
3 9105 5387 3263 
3 7813 8675 3431 
3 444 7743 3748 
3 4856 6630 3806 
3 2668 6270 2529 
3 5714 4653 7236 
3 9294 8498 3773 
3 7653 7197 9635 
3 1118 982 3174 
3 1527 4176 9333 
3 1514 2047 4501 
3 9458 6294 4767 
3 3930 7490 6664 
3 9496 8440 9810 
3 7963 3911 4398 
3 6258 9488 3332 
3 8277 1032 7018 
3 9692 1031 5401 
3 4328 1532 8965 
3 5672 2303 1250 
3 9680 1452 6612 
3 3316 4578 1201 
3 4841 2442 6920 
3 9551 1891 6828 
3 8201 1986 7150 
3 4914 8355 1296 
3 675 6245 4623 
3 8642 4001 4892 
3 9958 5237 7559 
3 8952 6569 1618 
3 8654 3513 9251 
3 1606 6430 499 
3 8179 9085 5373 
3 6494 2671 3880 
3 2143 6822 5834 
3 3125 5199 5175 
3 5980 3824 6744 
3 8729 5059 8727 
3 6852 6510 2264 
3 2712 6962 6693 
3 2422 4713 4935 
3 9260 1027 8289 
3 9711 4605 4898 
3 365 4164 4447 
3 225 858 6093 
3 7761 9022 7622 
3 459 5769 3099 
3 3747 9149 9858 
3 5043 3407 8177 
3 8067 8918 5641 
3 4775 4144 9002 
3 5097 7237 9655 
3 3570 6604 30 
3 8981 7418 7828 
3 5400 115 8897 
3 8235 2328 7957 
3 8593 9272 4095 
3 3147 4407 8808 
3 2335 8382 6846 
3 1898 1806 7600 
3 4562 6130 9985 
3 2402 3547 3274 
3 9624 185 6600 
3 123 1951 8567 
3 1058 9181 7849 
3 9611 6118 2570 
3 8472 2946 6851 
3 5831 5471 1865 
3 7048 6323 7190 
3 8108 1978 7721 
3 576 4482 94 
3 3355 6002 6126 
3 9073 5098 6590 
3 1669 6766 6727 
3 8978 8756 4558 
3 1110 6398 4156 
3 2235 1132 1639 
3 2220 2205 7868 
3 8340 4840 7665 
3 8753 6899 4325 
3 5442 9927 6472 
3 2046 7899 7127 
3 6078 4694 9771 
3 7616 6669 7315 
3 6993 5077 6090 
3 7247 4546 2240 
3 8393 7085 4197 
3 7273 8806 8388 
3 2466 4489 3615 
3 6304 6524 9338 
3 473 3587 7634 
3 2591 7329 8372 
3 8734 3883 1288 
3 5944 2333 896 
3 4804 7693 9613 
3 5041 9859 8572 
3 6223 5019 3078 
3 1754 2582 7805 
3 5505 9745 6711 
3 1835 8129 5812 
3 1266 1271 516 
3 3506 2216 6774 
3 5323 4564 2294 
3 2105 2911 7460 
3 8640 899 160 
3 1848 1774 1192 
3 9877 5140 22 
3 6697 1212 7275 
3 6560 8573 5621 
3 419 143 1313 
3 7815 6739 101 
3 5460 5613 6356 
3 6990 2234 5189 
3 5702 1849 3664 
3 1137 3265 9013 
3 6671 5800 9948 
3 4172 3884 3324 
3 2730 3878 9003 
3 9603 2549 2754 
3 8996 2136 8994 
3 1086 3038 4746 
3 3281 7491 2237 
3 1653 5276 7123 
3 4312 9134 7121 
3 3933 6803 2199 
3 4308 3439 8021 
3 4217 8773 2781 
3 1699 906 9679 
3 9029 9261 4255 
3 5397 6064 6063 
3 753 2453 6581 
3 7686 5171 558 
3 2390 3849 9744 
3 3097 7931 3578 
3 5268 3402 5134 
3 417 2793 1170 
3 3782 8084 796 
3 6595 381 4196 
3 9008 1480 5426 
3 6636 2289 9230 
3 6035 9844 2852 
3 2417 5598 4136 
3 5523 4394 8716 
3 6831 7510 1656 
3 5903 5234 6023 
3 550 2016 4818 
3 4918 4599 1461 
3 1488 8411 9194 
3 2268 1127 6414 
3 3873 219 2621 
3 1093 5246 4613 
3 4678 8759 8166 
3 3381 1172 3491 
3 8316 3131 6096 
3 7117 2775 6261 
3 8793 1624 8464 
3 6132 8789 4630 
3 9901 3888 828 
3 2951 472 2444 
3 1783 159 7233 
3 8049 2406 7400 
3 5253 6520 7786 
3 9759 3817 7903 
3 6373 4910 6529 
3 1665 8987 845 
3 7684 8633 7788 
3 4094 2731 1867 
3 3783 6517 1985 
3 6432 217 3965 
3 8618 6227 3262 
3 1814 5770 3334 
3 2068 6953 7309 
3 279 5736 1404 
3 893 2334 3442 
3 3300 133 8539 
3 1627 4479 1801 
3 5966 2065 7501 
3 4088 3584 5577 
3 7925 9535 9534 
3 5917 5391 3401 
3 4932 3744 3721 
3 1221 2281 5313 
3 2987 2750 7969 
3 610 6180 3312 
3 2711 218 9575 
3 4487 9502 4193 
3 1208 1836 1781 
3 8165 2554 5972 
3 5398 5586 5132 
3 5064 2722 7675 
3 3862 1899 9200 
3 401 9660 5104 
3 3927 3445 4894 
3 7388 5370 6586 
3 6812 7110 669 
3 7898 8665 1904 
3 990 1184 651 
3 7371 3539 6417 
3 1646 7980 7695 
3 1716 7065 9770 
3 4544 2947 89 
3 3076 5599 3929 
3 545 4538 9754 
3 7672 5594 5481 
3 3216 1292 9846 
3 1638 2184 2326 
3 4529 3085 7289 
3 3947 2376 8638 
3 4428 3411 934 
3 4981 8694 9941 
3 3124 7502 9882 
3 2464 292 1299 
3 9356 6405 3807 
3 1130 1683 4628 
3 4669 2087 3017 
3 8584 9156 8934 
3 144 9209 771 
3 5345 5511 3424 
3 1935 827 8525 
3 7664 7043 7907 
3 2173 6259 8015 
3 7902 8268 977 
3 6770 757 163 
3 1928 249 3521 
3 2560 8842 2050 
3 1469 3115 930 
3 9089 2990 8732 
3 9140 3580 6307 
3 4833 6497 7744 
3 894 2567 7096 
3 304 2057 5122 
3 6973 6409 1138 
3 2463 1120 9670 
3 7177 2480 207 
3 7608 1870 6958 
3 4163 6068 2835 
3 6805 2022 199 
3 7962 8709 8853 
3 4842 9785 7274 
3 4149 5429 1331 
3 7553 288 316 
3 4553 241 3941 
3 7014 3610 7223 
3 9860 691 157 
3 1209 618 8776 
3 4882 4646 7134 
3 6331 2011 8273 
3 5804 3313 9152 
3 9491 6541 6897 
3 8886 6301 4948 
3 8502 7544 2564 
3 7216 8068 728 
3 643 4392 8298 
3 3178 865 9179 
3 6425 7163 3353 
3 3186 2179 287 
3 5514 356 5192 
3 2227 9225 3893 
3 5725 7642 7878 
3 3541 8409 7640 
3 4337 5663 4714 
3 4468 8645 2805 
3 6387 616 1277 
3 7298 7546 7019 
3 9100 5329 4355 
3 2418 6213 7795 
3 862 5182 6904 
3 819 9367 7229 
3 4789 1652 4226 
3 9647 1841 5718 
3 5550 6513 1958 
3 9710 8534 9863 
3 3753 5254 3006 
3 5060 9406 5206 
3 1574 8870 1971 
3 2288 5578 108 
3 1227 6796 5952 
3 2841 784 1809 
3 186 5534 8310 
3 8141 5741 9172 
3 3798 8941 9553 
3 5848 9232 733 
3 6629 4143 2239 
3 9617 2563 867 
3 4634 3425 9885 
3 1495 7087 6814 
3 6087 425 5658 
3 5424 8740 9870 
3 7948 4598 9329 
3 4508 3438 5825 
3 2163 3536 5612 
3 769 1661 5611 
3 7349 226 9590 
3 3209 5771 5958 
3 9582 3712 3208 
3 9158 3812 6484 
3 9570 5510 4791 
3 1479 348 8564 
3 1563 347 7556 
3 2435 2201 2318 
3 378 6620 9423 
3 2689 2344 1615 
3 1700 800 5573 
3 1376 2577 4693 
3 7091 1099 7333 
3 7434 789 1685 
3 8771 8321 9876 
3 9555 9314 4518 
3 2152 1403 6253 
3 9862 4290 128 
3 6125 8309 4986 
3 9346 8103 4906 
3 3917 6748 4726 
3 719 383 189 
3 7441 7799 7365 
3 4403 349 1196 
3 7758 6917 2586 
3 4709 7580 5294 
3 8347 441 1494 
3 1949 2451 5316 
3 7459 6701 633 
2 1788 2012 
2 8086 6692 
2 9819 7060 
2 1235 5183 
2 9954 415 
2 4211 9205 
2 7835 5409 
2 958 7946 
2 8493 7541 
2 4939 2470 
2 1909 7140 
2 1131 8064 
2 3213 1799 
2 9737 4996 
2 291 2550 
2 5148 1993 
2 831 3860 
2 3859 6457 
2 6456 1119 
2 3784 3949 
2 1230 5343 
2 1180 2382 
2 1868 8080 
2 8686 203 
2 2356 9323 
2 5379 863 
2 1188 8282 
2 2878 703 
2 8960 1679 
2 3327 8379 
2 6279 1284 
2 361 9999 
2 4621 2035 
2 1105 8726 
2 3821 5779 
2 6843 4 
2 509 1732 
2 405 2498 
2 7479 280 
2 5694 7669 
2 8875 1818 
2 935 9372 
2 5410 388 
2 2384 693 
2 7507 7807 
2 1323 782 
2 2483 8412 
2 7965 1611 
2 8406 1335 
2 3247 4632 
2 5051 1133 
2 1111 8970 
2 4675 7307 
2 3394 1074 
2 1046 8784 
2 268 4330 
2 4950 8955 
2 7251 5833 
2 8410 5699 
2 2324 4664 
2 2789 4254 
2 922 3787 
2 6407 9807 
2 2378 227 
2 7753 2579 
2 9663 258 
2 8985 6085 
2 4734 4344 
2 1135 9102 
2 200 4633 
2 6233 9604 
2 8461 6500 
2 9724 376 
2 2541 2373 
2 6635 3389 
2 8791 4107 
2 811 1553 
2 5356 4461 
2 9701 3386 
2 3639 4979 
2 2942 7791 
2 9636 1029 
2 6983 1987 
2 2386 5977 
2 318 3292 
2 8523 9742 
2 2086 7667 
2 5844 2405 
2 2311 3922 
2 983 662 
2 9533 2030 
2 794 9162 
2 5177 6371 
2 6434 2508 
2 6158 9148 
2 8602 7399 
2 9717 7092 
2 741 7322 
2 4371 8374 
2 3385 9644 
2 8164 5327 
2 9186 342 
2 5005 3199 
2 3827 9632 
2 9557 491 
2 2676 173 
2 2715 4425 
2 2410 8491 
2 8731 621 
2 1992 7992 
2 2883 7627 
2 5266 4810 
2 9342 3819 
2 1534 7820 
2 3008 1918 
2 5885 7340 
2 6420 2825 
2 4220 4369 
2 8725 409 
2 7706 6254 
2 5413 3756 
2 5187 872 
2 6242 8136 
2 3866 8872 
2 9773 4273 
2 6647 3935 
2 5957 9282 
2 4651 5399 
2 1705 5643 
2 3794 7228 
2 917 1045 
2 3267 9977 
2 1439 9609 
2 821 6678 
2 5210 1206 
2 8857 2747 
2 4323 2934 
2 3225 148 
2 1415 4435 
2 7712 1329 
2 984 7636 
2 69 1554 
2 1063 7069 
2 1897 195 
2 3799 7832 
2 4978 5073 
2 1969 7033 
2 5167 7276 
2 483 9327 
2 312 652 
2 7547 4214 
2 1731 7093 
2 7938 4260 
2 7264 508 
2 5853 7736 
2 3144 5045 
2 9963 6499 
2 7165 3227 
2 2884 2503 
2 5979 435 
2 7243 6174 
2 2172 7408 
2 5840 4535 
2 6480 4032 
2 8879 5265 
2 5361 2873 
2 4807 9159 
2 7393 5470 
2 2803 1610 
2 6234 3474 
2 8758 9362 
2 4237 901 
2 2427 5883 
2 437 2166 
2 4103 605 
2 3620 4356 
2 3058 3466 
2 8613 8728 
2 9775 2500 
2 7416 1305 
2 5350 987 
2 6675 7172 
2 179 4758 
2 8570 6077 
2 9822 8142 
2 4822 8780 
2 8778 5508 
2 1654 8770 
2 5340 2330 
2 8395 8507 
2 7915 2996 
2 6654 5745 
2 3636 7588 
2 9070 194 
2 9011 6841 
2 4860 7793 
2 9787 4372 
2 7097 2425 
2 6901 4224 
2 8535 9415 
2 3476 192 
2 6187 596 
2 8786 303 
2 8117 3984 
2 2769 3082 
2 2170 3879 
2 209 184 
2 7639 8311 
2 6853 4732 
2 7789 8877 
2 118 4972 
2 2556 4891 
2 9380 8144 
2 7059 4890 
2 7427 111 
2 9749 3530 
2 4577 1142 
2 2206 8038 
2 1831 8224 
2 7098 8114 
2 1728 7086 
2 8361 8417 
2 4376 3777 
2 9421 482 
2 4285 8405 
2 7561 478 
2 4175 6141 
2 9218 729 
2 5067 7856 
2 5279 8975 
2 3044 1614 
2 7942 5557 
2 7578 6128 
2 9264 3189 
2 2520 5107 
2 8961 7883 
2 9931 9571 
2 2974 4952 
2 5747 230 
2 8061 5993 
2 121 8244 
2 6902 7590 
2 2485 1695 
2 5906 274 
2 2771 5983 
2 6156 5696 
2 3727 6411 
2 4724 6308 
2 3493 7075 
2 9436 1972 
2 2812 4523 
2 6614 8272 
2 8135 2512 
2 2808 9556 
2 1517 3717 
2 3716 7741 
2 1485 908 
2 6833 8075 
2 6682 1625 
2 7077 7045 
2 7606 781 
2 156 8530 
2 6177 1350 
2 7847 8009 
2 3685 9793 
2 4232 6937 
2 9031 8002 
2 2098 8462 
2 4899 6559 
2 7187 7483 
2 4699 6720 
2 5504 5483 
2 4470 1496 
2 2039 7864 
2 61 4845 
2 4098 256 
2 2532 8011 
2 1177 5617 
2 8220 2110 
2 2827 5304 
2 1226 6429 
2 6428 8500 
2 6545 6265 
2 6607 8561 
2 2602 7017 
2 833 1283 
2 3635 4333 
2 5727 8110 
2 1937 2272 
2 8045 2271 
2 5870 574 
2 311 9126 
2 8542 507 
2 1749 7730 
2 8797 424 
2 9736 5213 
2 5533 8880 
2 8698 4063 
2 5382 5938 
2 8159 1326 
2 5377 1917 
2 5783 1804 
2 7550 81 
2 2447 1501 
2 4913 4980 
2 7533 2657 
2 795 3108 
2 9498 5158 
2 1634 4297 
2 4440 7337 
2 9301 3690 
2 8494 4966 
2 1696 7068 
2 7248 3307 
2 5023 1753 
2 7404 1006 
2 428 1171 
2 4427 3059 
2 3023 8556 
2 4876 1984 
2 4588 9457 
2 9686 2298 
2 3053 2231 
2 8868 9357 
2 682 6971 
2 6026 1513 
2 8635 5262 
2 866 5260 
2 8473 2252 
2 1166 1789 
2 6998 1703 
2 9910 6539 
2 7139 7138 
2 7292 1622 
2 8190 7711 
2 7030 5907 
2 3469 6293 
2 8441 903 
2 803 7833 
2 9521 7022 
2 7830 3268 
2 538 959 
2 406 9007 
2 4305 7682 
2 5754 5008 
2 9296 7367 
2 9932 5480 
2 8850 8924 
2 3993 4262 
2 6551 6075 
2 7929 2393 
2 1275 5632 
2 1762 182 
2 3205 5585 
2 1932 7067 
2 6412 3361 
2 8592 5472 
2 3266 7514 
2 2900 4770 
2 6617 7584 
2 6257 7453 
2 3846 9823 
2 1307 5910 
2 2673 6098 
2 6021 8968 
2 2310 6237 
2 2583 2357 
2 8555 4591 
2 3534 6859 
2 4793 4923 
2 7102 2645 
2 4283 6848 
2 603 4019 
2 6519 3705 
2 658 4851 
2 6393 3416 
2 2138 7523 
2 668 9698 
2 5010 1191 
2 4843 4060 
2 1149 7688 
2 9044 9042 
2 5926 4893 
2 3854 7281 
2 3963 7129 
2 1824 3154 
2 4830 9577 
2 3286 4453 
2 5693 6799 
2 5900 5281 
2 4048 6533 
2 9548 3803 
2 5640 275 
2 224 921 
2 25 3994 
2 2928 452 
2 5100 2664 
2 9411 7658 
2 2899 2961 
2 8085 6454 
2 7574 8001 
2 341 2385 
2 3382 9861 
2 9311 3591 
2 4911 6961 
2 1878 698 
2 8541 1612 
2 7985 9297 
2 4236 1770 
2 6643 2026 
2 4571 2546 
2 3169 6222 
2 7071 9189 
2 3810 5430 
2 3611 9914 
2 6040 7000 
2 1190 468 
2 9270 6592 
2 6509 2280 
2 54 9554 
2 6290 2656 
2 1775 6031 
2 9146 9059 
2 3696 9972 
2 2709 659 
2 6923 3619 
2 4009 8334 
2 8000 27 
2 6862 9229 
2 582 6195 
2 7890 972 
2 5838 6119 
2 746 6185 
2 8231 6334 
2 2153 9204 
2 7782 5828 
2 526 9101 
2 3719 8554 
2 1302 5538 
2 886 319 
2 238 3990 
2 4691 3523 
2 7852 3454 
2 5809 2662 
2 6283 7504 
2 6772 8109 
2 1316 1667 
2 5549 9024 
2 2980 4821 
2 7488 5386 
2 3413 6850 
2 9825 1777 
2 8034 6491 
2 7261 180 
2 412 1134 
2 6391 4525 
2 999 2038 
2 3754 4209 
2 7011 6199 
2 3156 6516 
2 9720 5635 
2 9933 1873 
2 2525 8118 
2 4034 422 
2 9336 3843 
2 4174 8098 
2 3383 5227 
2 1308 9400 
2 1087 4581 
2 379 5778 
2 9150 5949 
2 8344 4987 
2 8546 4132 
2 573 1725 
2 2758 6163 
2 4705 4520 
2 5257 2154 
2 3645 1237 
2 8318 7222 
2 4556 8757 
2 5014 6792 
2 5859 4252 
2 2010 1880 
2 8508 5697 
2 3340 4062 
2 9164 2733 
2 3788 5153 
2 5619 4438 
2 2431 5108 
2 1964 7183 
2 2858 5539 
2 9321 3628 
2 5049 5466 
2 583 5527 
2 3201 7005 
2 7921 360 
2 1915 986 
2 4976 533 
2 5406 3546 
2 8511 7822 
2 5342 9833 
2 9929 1664 
2 5029 154 
2 1290 5820 
